============================================================
Time  2021/07/29 10:20:07 931 
============================================================
[2021/07/29 10:20:07 931] isr        1659 isr loaded!  
[2021/07/29 10:20:07 931] isr        1642 SYS_MSG_REGCB param0 =   msp_status_cb  param1 =   func(28ed290) 
[2021/07/29 10:20:07 931] isr        1537 ASR_MSG_SSB  
[2021/07/29 10:20:07 931] isr        1066 session_begin() [in], params:   sub = iat, domain = iat, language = zh_cn, accent = mandarin, sample_rate = 16000, result_type = plain, result_encoding = gb2312Íýýýý  nil  
[2021/07/29 10:20:07 931] isr        927  vad_set [in]  
[2021/07/29 10:20:07 931] isr        962  vad_enable :  true  
[2021/07/29 10:20:07 931] isr        980  vad_bos :  10000  
[2021/07/29 10:20:07 931] isr        981  vad_eos :  2000  
[2021/07/29 10:20:07 931] isr        886  enable_vad [in]  
[2021/07/29 10:20:07 931] isr        918  vad enabled!  2000  10000  
[2021/07/29 10:20:07 931] isr        921  enable_vad [out]  
[2021/07/29 10:20:07 931] isr        987  vad_set [out] | ret =  0  
[2021/07/29 10:20:07 931] isr        1187 cur_engine_type =   cloud  
[2021/07/29 10:20:07 931] isr        1001 cloud_session_begin  
[2021/07/29 10:20:07 931] isr        1013 unknown  
[2021/07/29 10:20:08 163] isr        1547 ASR_MSG_AUW,   cloud  
[2021/07/29 10:20:08 163] isr        1559 6400  1  
[2021/07/29 10:20:08 163] isr        1569 once_bytes:   6400  
[2021/07/29 10:20:08 163] isr        851  [aud] speech start  
[2021/07/29 10:20:08 163] isr        798  1  msc  
[2021/07/29 10:20:08 362] isr        1547 ASR_MSG_AUW,   cloud  
[2021/07/29 10:20:08 362] isr        1559 6400  2  
[2021/07/29 10:20:08 453] isr        700  cloud_status_cb, eps:  1  
[2021/07/29 10:20:08 453] isr        798  1  cloud  
[2021/07/29 10:20:08 453] isr        813  cloud eps ignored  
[2021/07/29 10:20:08 562] isr        1547 ASR_MSG_AUW,   cloud  
[2021/07/29 10:20:08 562] isr        1559 6400  2  
[2021/07/29 10:20:08 763] isr        1547 ASR_MSG_AUW,   cloud  
[2021/07/29 10:20:08 763] isr        1559 6400  2  
[2021/07/29 10:20:08 961] isr        1547 ASR_MSG_AUW,   cloud  
[2021/07/29 10:20:08 961] isr        1559 6400  2  
[2021/07/29 10:20:09 163] isr        1547 ASR_MSG_AUW,   cloud  
[2021/07/29 10:20:09 163] isr        1559 6400  2  
[2021/07/29 10:20:09 362] isr        1547 ASR_MSG_AUW,   cloud  
[2021/07/29 10:20:09 362] isr        1559 6400  2  
[2021/07/29 10:20:09 562] isr        1547 ASR_MSG_AUW,   cloud  
[2021/07/29 10:20:09 562] isr        1559 6400  2  
[2021/07/29 10:20:09 763] isr        1547 ASR_MSG_AUW,   cloud  
[2021/07/29 10:20:09 763] isr        1559 6400  2  
[2021/07/29 10:20:09 963] isr        1547 ASR_MSG_AUW,   cloud  
[2021/07/29 10:20:09 963] isr        1559 6400  2  
[2021/07/29 10:20:10 163] isr        1547 ASR_MSG_AUW,   cloud  
[2021/07/29 10:20:10 163] isr        1559 6400  2  
[2021/07/29 10:20:10 362] isr        1547 ASR_MSG_AUW,   cloud  
[2021/07/29 10:20:10 362] isr        1559 6400  2  
[2021/07/29 10:20:10 562] isr        1547 ASR_MSG_AUW,   cloud  
[2021/07/29 10:20:10 562] isr        1559 6400  2  
[2021/07/29 10:20:10 763] isr        1547 ASR_MSG_AUW,   cloud  
[2021/07/29 10:20:10 763] isr        1559 6400  2  
[2021/07/29 10:20:10 901] isr        1547 ASR_MSG_AUW,   cloud  
[2021/07/29 10:20:10 901] isr        1559 4418  2  
[2021/07/29 10:20:10 911] isr        1547 ASR_MSG_AUW,   cloud  
[2021/07/29 10:20:10 911] isr        1559 0  4  
[2021/07/29 10:20:10 911] isr        1592 aud end, USER  
[2021/07/29 10:20:10 911] isr        1636 ASR_MSG_GRSLT,   cloud  
[2021/07/29 10:20:10 911] isr        1335 0  nil  2  
[2021/07/29 10:20:10 911] isr        854  [aud] speech end  
[2021/07/29 10:20:10 911] isr        798  3  msc  
[2021/07/29 10:20:11 023] isr        1636 ASR_MSG_GRSLT,   cloud  
[2021/07/29 10:20:11 023] isr        1335 0  nil  2  
[2021/07/29 10:20:11 102] isr        700  cloud_status_cb, eps:  3  
[2021/07/29 10:20:11 102] isr        798  3  cloud  
[2021/07/29 10:20:11 102] isr        800  already speech end  
[2021/07/29 10:20:11 102] isr        662  cloud_rslt_cb status =   5  
[2021/07/29 10:20:11 102] isr        641  process_result call:  cloud  udata(28a53b0) 5  nil  
[2021/07/29 10:20:11 102] isr        798  3  msc  
[2021/07/29 10:20:11 102] isr        800  already speech end  
[2021/07/29 10:20:11 142] isr        1636 ASR_MSG_GRSLT,   cloud  
[2021/07/29 10:20:11 142] isr        1335 0  udata(28a53b0) 5  
[2021/07/29 10:20:11 253] isr        1639 ASR_MSG_SSE,   cloud  
[2021/07/29 10:20:11 253] isr        1356 session_end() [in]  
[2021/07/29 10:20:11 253] isr        1421 cloud_session_end() [in]  
[2021/07/29 10:20:11 253] isr        1488 ns_host=  open.xf-yun.com  
[2021/07/29 10:20:11 253] isr        1498 tick()mod=  4731390  
[2021/07/29 10:20:11 253] isr        1499 tick()=  4731390  
[2021/07/29 10:20:11 253] isr        1501 diff=  2890  
[2021/07/29 10:20:11 253] isr        1514 cloud_session_end() [out]  
[2021/07/29 10:20:11 253] isr        1667 isr unload!  
============================================================
Time  2021/07/29 10:20:27 871 
============================================================
[2021/07/29 10:20:27 871] isr        1659 isr loaded!  
[2021/07/29 10:20:27 871] isr        1642 SYS_MSG_REGCB param0 =   msp_status_cb  param1 =   func(3584a98) 
[2021/07/29 10:20:27 871] isr        1537 ASR_MSG_SSB  
[2021/07/29 10:20:27 871] isr        1066 session_begin() [in], params:   sub = iat, domain = iat, language = zh_cn, accent = mandarin, sample_rate = 16000, result_type = plain, result_encoding = gb2312Íýýýý  nil  
[2021/07/29 10:20:27 871] isr        927  vad_set [in]  
[2021/07/29 10:20:27 871] isr        962  vad_enable :  true  
[2021/07/29 10:20:27 871] isr        980  vad_bos :  10000  
[2021/07/29 10:20:27 871] isr        981  vad_eos :  2000  
[2021/07/29 10:20:27 871] isr        886  enable_vad [in]  
[2021/07/29 10:20:27 871] isr        918  vad enabled!  2000  10000  
[2021/07/29 10:20:27 871] isr        921  enable_vad [out]  
[2021/07/29 10:20:27 871] isr        987  vad_set [out] | ret =  0  
[2021/07/29 10:20:27 871] isr        1187 cur_engine_type =   cloud  
[2021/07/29 10:20:27 871] isr        1001 cloud_session_begin  
[2021/07/29 10:20:27 871] isr        1013 unknown  
[2021/07/29 10:20:28 072] isr        1547 ASR_MSG_AUW,   cloud  
[2021/07/29 10:20:28 072] isr        1559 6400  1  
[2021/07/29 10:20:28 072] isr        1569 once_bytes:   6400  
[2021/07/29 10:20:28 082] isr        851  [aud] speech start  
[2021/07/29 10:20:28 082] isr        798  1  msc  
[2021/07/29 10:20:28 273] isr        1547 ASR_MSG_AUW,   cloud  
[2021/07/29 10:20:28 273] isr        1559 6400  2  
[2021/07/29 10:20:28 381] isr        700  cloud_status_cb, eps:  1  
[2021/07/29 10:20:28 381] isr        798  1  cloud  
[2021/07/29 10:20:28 381] isr        813  cloud eps ignored  
[2021/07/29 10:20:28 473] isr        1547 ASR_MSG_AUW,   cloud  
[2021/07/29 10:20:28 473] isr        1559 6400  2  
[2021/07/29 10:20:28 671] isr        1547 ASR_MSG_AUW,   cloud  
[2021/07/29 10:20:28 671] isr        1559 6400  2  
[2021/07/29 10:20:28 872] isr        1547 ASR_MSG_AUW,   cloud  
[2021/07/29 10:20:28 872] isr        1559 6400  2  
[2021/07/29 10:20:29 072] isr        1547 ASR_MSG_AUW,   cloud  
[2021/07/29 10:20:29 072] isr        1559 6400  2  
[2021/07/29 10:20:29 273] isr        1547 ASR_MSG_AUW,   cloud  
[2021/07/29 10:20:29 273] isr        1559 6400  2  
[2021/07/29 10:20:29 473] isr        1547 ASR_MSG_AUW,   cloud  
[2021/07/29 10:20:29 473] isr        1559 6400  2  
[2021/07/29 10:20:29 673] isr        1547 ASR_MSG_AUW,   cloud  
[2021/07/29 10:20:29 673] isr        1559 6400  2  
[2021/07/29 10:20:29 872] isr        1547 ASR_MSG_AUW,   cloud  
[2021/07/29 10:20:29 872] isr        1559 6400  2  
[2021/07/29 10:20:30 072] isr        1547 ASR_MSG_AUW,   cloud  
[2021/07/29 10:20:30 072] isr        1559 6400  2  
[2021/07/29 10:20:30 272] isr        1547 ASR_MSG_AUW,   cloud  
[2021/07/29 10:20:30 282] isr        1559 6400  2  
[2021/07/29 10:20:30 473] isr        1547 ASR_MSG_AUW,   cloud  
[2021/07/29 10:20:30 473] isr        1559 6400  2  
[2021/07/29 10:20:30 673] isr        1547 ASR_MSG_AUW,   cloud  
[2021/07/29 10:20:30 673] isr        1559 6400  2  
[2021/07/29 10:20:30 872] isr        1547 ASR_MSG_AUW,   cloud  
[2021/07/29 10:20:30 872] isr        1559 6400  2  
[2021/07/29 10:20:30 891] isr        1547 ASR_MSG_AUW,   cloud  
[2021/07/29 10:20:30 891] isr        1559 0  4  
[2021/07/29 10:20:30 891] isr        1592 aud end, USER  
[2021/07/29 10:20:30 891] isr        1636 ASR_MSG_GRSLT,   cloud  
[2021/07/29 10:20:30 891] isr        1335 0  nil  2  
[2021/07/29 10:20:30 891] isr        854  [aud] speech end  
[2021/07/29 10:20:30 891] isr        798  3  msc  
[2021/07/29 10:20:31 003] isr        1636 ASR_MSG_GRSLT,   cloud  
[2021/07/29 10:20:31 003] isr        1335 0  nil  2  
[2021/07/29 10:20:31 072] isr        700  cloud_status_cb, eps:  3  
[2021/07/29 10:20:31 072] isr        798  3  cloud  
[2021/07/29 10:20:31 072] isr        800  already speech end  
[2021/07/29 10:20:31 072] isr        662  cloud_rslt_cb status =   5  
[2021/07/29 10:20:31 072] isr        641  process_result call:  cloud  udata(28ed2c8) 5  nil  
[2021/07/29 10:20:31 072] isr        798  3  msc  
[2021/07/29 10:20:31 072] isr        800  already speech end  
[2021/07/29 10:20:31 112] isr        1636 ASR_MSG_GRSLT,   cloud  
[2021/07/29 10:20:31 112] isr        1335 0  udata(28ed2c8) 5  
[2021/07/29 10:20:31 223] isr        1639 ASR_MSG_SSE,   cloud  
[2021/07/29 10:20:31 223] isr        1356 session_end() [in]  
[2021/07/29 10:20:31 223] isr        1421 cloud_session_end() [in]  
[2021/07/29 10:20:31 223] isr        1488 ns_host=  open.xf-yun.com  
[2021/07/29 10:20:31 223] isr        1498 tick()mod=  4751359  
[2021/07/29 10:20:31 223] isr        1499 tick()=  4751359  
[2021/07/29 10:20:31 223] isr        1501 diff=  22859  
[2021/07/29 10:20:31 223] isr        1514 cloud_session_end() [out]  
[2021/07/29 10:20:31 223] isr        1667 isr unload!  
============================================================
Time  2021/07/29 10:44:22 674 
============================================================
[2021/07/29 10:44:22 674] isr        1659 isr loaded!  
[2021/07/29 10:44:22 676] isr        1642 SYS_MSG_REGCB param0 =   msp_status_cb  param1 =   func(2dd9698) 
[2021/07/29 10:44:22 676] isr        1537 ASR_MSG_SSB  
[2021/07/29 10:44:22 676] isr        1066 session_begin() [in], params:   sub = iat, domain = iat, language = zh_cn, accent = mandarin, sample_rate = 16000, result_type = plain, result_encoding = gb2312Íýýýý  nil  
[2021/07/29 10:44:22 676] isr        927  vad_set [in]  
[2021/07/29 10:44:22 676] isr        962  vad_enable :  true  
[2021/07/29 10:44:22 676] isr        980  vad_bos :  10000  
[2021/07/29 10:44:22 676] isr        981  vad_eos :  2000  
[2021/07/29 10:44:22 676] isr        886  enable_vad [in]  
[2021/07/29 10:44:22 677] isr        918  vad enabled!  2000  10000  
[2021/07/29 10:44:22 677] isr        921  enable_vad [out]  
[2021/07/29 10:44:22 677] isr        987  vad_set [out] | ret =  0  
[2021/07/29 10:44:22 677] isr        1187 cur_engine_type =   cloud  
[2021/07/29 10:44:22 677] isr        1001 cloud_session_begin  
[2021/07/29 10:44:22 677] isr        1013 unknown  
[2021/07/29 10:44:22 904] isr        1547 ASR_MSG_AUW,   cloud  
[2021/07/29 10:44:22 904] isr        1559 6400  1  
[2021/07/29 10:44:22 904] isr        1569 once_bytes:   6400  
[2021/07/29 10:44:22 904] isr        851  [aud] speech start  
[2021/07/29 10:44:22 904] isr        798  1  msc  
[2021/07/29 10:44:23 102] isr        1547 ASR_MSG_AUW,   cloud  
[2021/07/29 10:44:23 102] isr        1559 6400  2  
[2021/07/29 10:44:23 303] isr        1547 ASR_MSG_AUW,   cloud  
[2021/07/29 10:44:23 303] isr        1559 6400  2  
[2021/07/29 10:44:23 503] isr        1547 ASR_MSG_AUW,   cloud  
[2021/07/29 10:44:23 503] isr        1559 6400  2  
[2021/07/29 10:44:23 703] isr        1547 ASR_MSG_AUW,   cloud  
[2021/07/29 10:44:23 703] isr        1559 6400  2  
[2021/07/29 10:44:23 903] isr        1547 ASR_MSG_AUW,   cloud  
[2021/07/29 10:44:23 903] isr        1559 6400  2  
[2021/07/29 10:44:24 104] isr        1547 ASR_MSG_AUW,   cloud  
[2021/07/29 10:44:24 104] isr        1559 6400  2  
[2021/07/29 10:44:24 303] isr        1547 ASR_MSG_AUW,   cloud  
[2021/07/29 10:44:24 303] isr        1559 6400  2  
[2021/07/29 10:44:24 503] isr        1547 ASR_MSG_AUW,   cloud  
[2021/07/29 10:44:24 503] isr        1559 6400  2  
[2021/07/29 10:44:24 703] isr        1547 ASR_MSG_AUW,   cloud  
[2021/07/29 10:44:24 703] isr        1559 6400  2  
[2021/07/29 10:44:24 903] isr        1547 ASR_MSG_AUW,   cloud  
[2021/07/29 10:44:24 903] isr        1559 6400  2  
[2021/07/29 10:44:25 102] isr        1547 ASR_MSG_AUW,   cloud  
[2021/07/29 10:44:25 102] isr        1559 6400  2  
[2021/07/29 10:44:25 302] isr        1547 ASR_MSG_AUW,   cloud  
[2021/07/29 10:44:25 302] isr        1559 6400  2  
[2021/07/29 10:44:25 503] isr        1547 ASR_MSG_AUW,   cloud  
[2021/07/29 10:44:25 503] isr        1559 6400  2  
[2021/07/29 10:44:25 703] isr        1547 ASR_MSG_AUW,   cloud  
[2021/07/29 10:44:25 703] isr        1559 6400  2  
[2021/07/29 10:44:25 903] isr        1547 ASR_MSG_AUW,   cloud  
[2021/07/29 10:44:25 903] isr        1559 6400  2  
[2021/07/29 10:44:26 102] isr        1547 ASR_MSG_AUW,   cloud  
[2021/07/29 10:44:26 102] isr        1559 6400  2  
[2021/07/29 10:44:26 302] isr        1547 ASR_MSG_AUW,   cloud  
[2021/07/29 10:44:26 302] isr        1559 6400  2  
[2021/07/29 10:44:26 503] isr        1547 ASR_MSG_AUW,   cloud  
[2021/07/29 10:44:26 503] isr        1559 6400  2  
[2021/07/29 10:44:26 703] isr        1547 ASR_MSG_AUW,   cloud  
[2021/07/29 10:44:26 703] isr        1559 6400  2  
[2021/07/29 10:44:26 707] isr        854  [aud] speech end  
[2021/07/29 10:44:26 707] isr        798  3  msc  
[2021/07/29 10:44:26 707] isr        864  aud end, MSC VAD  
[2021/07/29 10:44:26 707] isr        707  cloud_status_cb, start local.  
[2021/07/29 10:44:26 903] isr        1547 ASR_MSG_AUW,   cloud  
[2021/07/29 10:44:26 903] isr        1559 6400  2  
[2021/07/29 10:44:26 914] isr        1636 ASR_MSG_GRSLT,   cloud  
[2021/07/29 10:44:26 914] isr        1335 0  nil  2  
[2021/07/29 10:44:27 026] isr        1636 ASR_MSG_GRSLT,   cloud  
[2021/07/29 10:44:27 026] isr        1335 0  nil  2  
[2021/07/29 10:44:27 135] isr        1636 ASR_MSG_GRSLT,   cloud  
[2021/07/29 10:44:27 137] isr        1335 0  nil  2  
[2021/07/29 10:44:27 246] isr        1636 ASR_MSG_GRSLT,   cloud  
[2021/07/29 10:44:27 246] isr        1335 0  nil  2  
[2021/07/29 10:44:27 357] isr        1636 ASR_MSG_GRSLT,   cloud  
[2021/07/29 10:44:27 357] isr        1335 0  nil  2  
[2021/07/29 10:44:27 464] isr        1636 ASR_MSG_GRSLT,   cloud  
[2021/07/29 10:44:27 464] isr        1335 0  nil  2  
[2021/07/29 10:44:27 573] isr        1636 ASR_MSG_GRSLT,   cloud  
[2021/07/29 10:44:27 573] isr        1335 0  nil  2  
[2021/07/29 10:44:27 684] isr        1636 ASR_MSG_GRSLT,   cloud  
[2021/07/29 10:44:27 684] isr        1335 0  nil  2  
[2021/07/29 10:44:27 796] isr        1636 ASR_MSG_GRSLT,   cloud  
[2021/07/29 10:44:27 796] isr        1335 0  nil  2  
[2021/07/29 10:44:27 903] isr        1636 ASR_MSG_GRSLT,   cloud  
[2021/07/29 10:44:27 903] isr        1335 0  nil  2  
[2021/07/29 10:44:28 013] isr        1636 ASR_MSG_GRSLT,   cloud  
[2021/07/29 10:44:28 013] isr        1335 0  nil  2  
[2021/07/29 10:44:28 122] isr        1636 ASR_MSG_GRSLT,   cloud  
[2021/07/29 10:44:28 122] isr        1335 0  nil  2  
[2021/07/29 10:44:28 233] isr        1636 ASR_MSG_GRSLT,   cloud  
[2021/07/29 10:44:28 233] isr        1335 0  nil  2  
[2021/07/29 10:44:28 344] isr        1636 ASR_MSG_GRSLT,   cloud  
[2021/07/29 10:44:28 345] isr        1335 0  nil  2  
[2021/07/29 10:44:28 453] isr        1636 ASR_MSG_GRSLT,   cloud  
[2021/07/29 10:44:28 453] isr        1335 0  nil  2  
[2021/07/29 10:44:28 562] isr        1636 ASR_MSG_GRSLT,   cloud  
[2021/07/29 10:44:28 562] isr        1335 0  nil  2  
[2021/07/29 10:44:28 673] isr        1636 ASR_MSG_GRSLT,   cloud  
[2021/07/29 10:44:28 673] isr        1335 0  nil  2  
[2021/07/29 10:44:28 783] isr        1636 ASR_MSG_GRSLT,   cloud  
[2021/07/29 10:44:28 783] isr        1335 0  nil  2  
[2021/07/29 10:44:28 891] isr        1636 ASR_MSG_GRSLT,   cloud  
[2021/07/29 10:44:28 891] isr        1335 0  nil  2  
[2021/07/29 10:44:29 000] isr        1636 ASR_MSG_GRSLT,   cloud  
[2021/07/29 10:44:29 000] isr        1335 0  nil  2  
[2021/07/29 10:44:29 111] isr        1636 ASR_MSG_GRSLT,   cloud  
[2021/07/29 10:44:29 111] isr        1335 0  nil  2  
[2021/07/29 10:44:29 220] isr        1636 ASR_MSG_GRSLT,   cloud  
[2021/07/29 10:44:29 220] isr        1335 0  nil  2  
[2021/07/29 10:44:29 332] isr        1636 ASR_MSG_GRSLT,   cloud  
[2021/07/29 10:44:29 332] isr        1335 0  nil  2  
[2021/07/29 10:44:29 441] isr        1636 ASR_MSG_GRSLT,   cloud  
[2021/07/29 10:44:29 443] isr        1335 0  nil  2  
[2021/07/29 10:44:29 552] isr        1636 ASR_MSG_GRSLT,   cloud  
[2021/07/29 10:44:29 552] isr        1335 0  nil  2  
[2021/07/29 10:44:29 661] isr        1636 ASR_MSG_GRSLT,   cloud  
[2021/07/29 10:44:29 661] isr        1335 0  nil  2  
[2021/07/29 10:44:29 772] isr        1636 ASR_MSG_GRSLT,   cloud  
[2021/07/29 10:44:29 772] isr        1335 0  nil  2  
[2021/07/29 10:44:29 882] isr        1636 ASR_MSG_GRSLT,   cloud  
[2021/07/29 10:44:29 882] isr        1335 0  nil  2  
[2021/07/29 10:44:29 989] isr        1636 ASR_MSG_GRSLT,   cloud  
[2021/07/29 10:44:29 989] isr        1335 0  nil  2  
[2021/07/29 10:44:30 099] isr        1636 ASR_MSG_GRSLT,   cloud  
[2021/07/29 10:44:30 099] isr        1335 0  nil  2  
[2021/07/29 10:44:30 209] isr        1636 ASR_MSG_GRSLT,   cloud  
[2021/07/29 10:44:30 209] isr        1335 0  nil  2  
[2021/07/29 10:44:30 318] isr        1636 ASR_MSG_GRSLT,   cloud  
[2021/07/29 10:44:30 318] isr        1335 0  nil  2  
[2021/07/29 10:44:30 427] isr        1636 ASR_MSG_GRSLT,   cloud  
[2021/07/29 10:44:30 427] isr        1335 0  nil  2  
[2021/07/29 10:44:30 536] isr        1636 ASR_MSG_GRSLT,   cloud  
[2021/07/29 10:44:30 536] isr        1335 0  nil  2  
[2021/07/29 10:44:30 645] isr        1636 ASR_MSG_GRSLT,   cloud  
[2021/07/29 10:44:30 645] isr        1335 0  nil  2  
[2021/07/29 10:44:30 756] isr        1636 ASR_MSG_GRSLT,   cloud  
[2021/07/29 10:44:30 756] isr        1335 0  nil  2  
[2021/07/29 10:44:30 865] isr        1636 ASR_MSG_GRSLT,   cloud  
[2021/07/29 10:44:30 865] isr        1335 0  nil  2  
[2021/07/29 10:44:30 976] isr        1636 ASR_MSG_GRSLT,   cloud  
[2021/07/29 10:44:30 976] isr        1335 0  nil  2  
[2021/07/29 10:44:31 082] isr        1636 ASR_MSG_GRSLT,   cloud  
[2021/07/29 10:44:31 082] isr        1335 0  nil  2  
[2021/07/29 10:44:31 193] isr        1636 ASR_MSG_GRSLT,   cloud  
[2021/07/29 10:44:31 193] isr        1335 0  nil  2  
[2021/07/29 10:44:31 302] isr        1636 ASR_MSG_GRSLT,   cloud  
[2021/07/29 10:44:31 302] isr        1335 0  nil  2  
[2021/07/29 10:44:31 413] isr        1636 ASR_MSG_GRSLT,   cloud  
[2021/07/29 10:44:31 413] isr        1335 0  nil  2  
[2021/07/29 10:44:31 523] isr        1636 ASR_MSG_GRSLT,   cloud  
[2021/07/29 10:44:31 523] isr        1335 0  nil  2  
[2021/07/29 10:44:31 631] isr        1636 ASR_MSG_GRSLT,   cloud  
[2021/07/29 10:44:31 631] isr        1335 0  nil  2  
[2021/07/29 10:44:31 742] isr        1636 ASR_MSG_GRSLT,   cloud  
[2021/07/29 10:44:31 742] isr        1335 0  nil  2  
[2021/07/29 10:44:31 849] isr        1636 ASR_MSG_GRSLT,   cloud  
[2021/07/29 10:44:31 849] isr        1335 0  nil  2  
[2021/07/29 10:44:31 959] isr        1636 ASR_MSG_GRSLT,   cloud  
[2021/07/29 10:44:31 959] isr        1335 0  nil  2  
[2021/07/29 10:44:32 069] isr        1636 ASR_MSG_GRSLT,   cloud  
[2021/07/29 10:44:32 069] isr        1335 0  nil  2  
[2021/07/29 10:44:32 181] isr        1636 ASR_MSG_GRSLT,   cloud  
[2021/07/29 10:44:32 181] isr        1335 0  nil  2  
[2021/07/29 10:44:32 290] isr        1636 ASR_MSG_GRSLT,   cloud  
[2021/07/29 10:44:32 290] isr        1335 0  nil  2  
[2021/07/29 10:44:32 401] isr        1636 ASR_MSG_GRSLT,   cloud  
[2021/07/29 10:44:32 401] isr        1335 0  nil  2  
[2021/07/29 10:44:32 509] isr        1636 ASR_MSG_GRSLT,   cloud  
[2021/07/29 10:44:32 509] isr        1335 0  nil  2  
[2021/07/29 10:44:32 621] isr        1636 ASR_MSG_GRSLT,   cloud  
[2021/07/29 10:44:32 621] isr        1335 0  nil  2  
[2021/07/29 10:44:32 730] isr        1636 ASR_MSG_GRSLT,   cloud  
[2021/07/29 10:44:32 730] isr        1335 0  nil  2  
[2021/07/29 10:44:32 839] isr        1636 ASR_MSG_GRSLT,   cloud  
[2021/07/29 10:44:32 839] isr        1335 0  nil  2  
[2021/07/29 10:44:32 950] isr        1636 ASR_MSG_GRSLT,   cloud  
[2021/07/29 10:44:32 950] isr        1335 0  nil  2  
[2021/07/29 10:44:33 061] isr        1636 ASR_MSG_GRSLT,   cloud  
[2021/07/29 10:44:33 061] isr        1335 0  nil  2  
[2021/07/29 10:44:33 171] isr        1636 ASR_MSG_GRSLT,   cloud  
[2021/07/29 10:44:33 171] isr        1335 0  nil  2  
[2021/07/29 10:44:33 280] isr        1636 ASR_MSG_GRSLT,   cloud  
[2021/07/29 10:44:33 280] isr        1335 0  nil  2  
[2021/07/29 10:44:33 391] isr        1636 ASR_MSG_GRSLT,   cloud  
[2021/07/29 10:44:33 391] isr        1335 0  nil  2  
[2021/07/29 10:44:33 500] isr        1636 ASR_MSG_GRSLT,   cloud  
[2021/07/29 10:44:33 500] isr        1335 0  nil  2  
[2021/07/29 10:44:33 609] isr        1636 ASR_MSG_GRSLT,   cloud  
[2021/07/29 10:44:33 609] isr        1335 0  nil  2  
[2021/07/29 10:44:33 720] isr        1636 ASR_MSG_GRSLT,   cloud  
[2021/07/29 10:44:33 720] isr        1335 0  nil  2  
[2021/07/29 10:44:33 829] isr        1636 ASR_MSG_GRSLT,   cloud  
[2021/07/29 10:44:33 829] isr        1335 0  nil  2  
[2021/07/29 10:44:33 940] isr        1636 ASR_MSG_GRSLT,   cloud  
[2021/07/29 10:44:33 940] isr        1335 0  nil  2  
[2021/07/29 10:44:34 049] isr        1636 ASR_MSG_GRSLT,   cloud  
[2021/07/29 10:44:34 049] isr        1335 0  nil  2  
[2021/07/29 10:44:34 158] isr        1636 ASR_MSG_GRSLT,   cloud  
[2021/07/29 10:44:34 160] isr        1335 0  nil  2  
[2021/07/29 10:44:34 269] isr        1636 ASR_MSG_GRSLT,   cloud  
[2021/07/29 10:44:34 269] isr        1335 0  nil  2  
[2021/07/29 10:44:34 378] isr        1636 ASR_MSG_GRSLT,   cloud  
[2021/07/29 10:44:34 378] isr        1335 0  nil  2  
[2021/07/29 10:44:34 489] isr        1636 ASR_MSG_GRSLT,   cloud  
[2021/07/29 10:44:34 489] isr        1335 0  nil  2  
[2021/07/29 10:44:34 598] isr        1636 ASR_MSG_GRSLT,   cloud  
[2021/07/29 10:44:34 598] isr        1335 0  nil  2  
[2021/07/29 10:44:34 707] isr        1636 ASR_MSG_GRSLT,   cloud  
[2021/07/29 10:44:34 707] isr        1335 0  nil  2  
[2021/07/29 10:44:34 815] isr        1636 ASR_MSG_GRSLT,   cloud  
[2021/07/29 10:44:34 815] isr        1335 0  nil  2  
[2021/07/29 10:44:34 924] isr        1636 ASR_MSG_GRSLT,   cloud  
[2021/07/29 10:44:34 924] isr        1335 0  nil  2  
[2021/07/29 10:44:35 032] isr        1636 ASR_MSG_GRSLT,   cloud  
[2021/07/29 10:44:35 032] isr        1335 0  nil  2  
[2021/07/29 10:44:35 144] isr        1636 ASR_MSG_GRSLT,   cloud  
[2021/07/29 10:44:35 144] isr        1335 0  nil  2  
[2021/07/29 10:44:35 255] isr        1636 ASR_MSG_GRSLT,   cloud  
[2021/07/29 10:44:35 255] isr        1335 0  nil  2  
[2021/07/29 10:44:35 367] isr        1636 ASR_MSG_GRSLT,   cloud  
[2021/07/29 10:44:35 367] isr        1335 0  nil  2  
[2021/07/29 10:44:35 474] isr        1636 ASR_MSG_GRSLT,   cloud  
[2021/07/29 10:44:35 474] isr        1335 0  nil  2  
[2021/07/29 10:44:35 585] isr        1636 ASR_MSG_GRSLT,   cloud  
[2021/07/29 10:44:35 585] isr        1335 0  nil  2  
[2021/07/29 10:44:35 694] isr        1636 ASR_MSG_GRSLT,   cloud  
[2021/07/29 10:44:35 694] isr        1335 0  nil  2  
[2021/07/29 10:44:35 796] isr        1636 ASR_MSG_GRSLT,   cloud  
[2021/07/29 10:44:35 796] isr        1335 0  nil  2  
[2021/07/29 10:44:35 905] isr        1636 ASR_MSG_GRSLT,   cloud  
[2021/07/29 10:44:35 905] isr        1335 0  nil  2  
[2021/07/29 10:44:36 010] isr        1636 ASR_MSG_GRSLT,   cloud  
[2021/07/29 10:44:36 010] isr        1335 0  nil  2  
[2021/07/29 10:44:36 114] isr        1636 ASR_MSG_GRSLT,   cloud  
[2021/07/29 10:44:36 114] isr        1335 0  nil  2  
[2021/07/29 10:44:36 217] isr        1636 ASR_MSG_GRSLT,   cloud  
[2021/07/29 10:44:36 217] isr        1335 0  nil  2  
[2021/07/29 10:44:36 316] isr        1636 ASR_MSG_GRSLT,   cloud  
[2021/07/29 10:44:36 316] isr        1335 0  nil  2  
[2021/07/29 10:44:36 427] isr        1636 ASR_MSG_GRSLT,   cloud  
[2021/07/29 10:44:36 427] isr        1335 0  nil  2  
[2021/07/29 10:44:36 536] isr        1636 ASR_MSG_GRSLT,   cloud  
[2021/07/29 10:44:36 536] isr        1335 0  nil  2  
[2021/07/29 10:44:36 647] isr        1636 ASR_MSG_GRSLT,   cloud  
[2021/07/29 10:44:36 647] isr        1335 0  nil  2  
[2021/07/29 10:44:36 756] isr        1636 ASR_MSG_GRSLT,   cloud  
[2021/07/29 10:44:36 756] isr        1335 0  nil  2  
[2021/07/29 10:44:36 867] isr        1636 ASR_MSG_GRSLT,   cloud  
[2021/07/29 10:44:36 867] isr        1335 0  nil  2  
[2021/07/29 10:44:36 976] isr        1636 ASR_MSG_GRSLT,   cloud  
[2021/07/29 10:44:36 976] isr        1335 0  nil  2  
[2021/07/29 10:44:37 086] isr        1636 ASR_MSG_GRSLT,   cloud  
[2021/07/29 10:44:37 086] isr        1335 0  nil  2  
[2021/07/29 10:44:37 197] isr        1636 ASR_MSG_GRSLT,   cloud  
[2021/07/29 10:44:37 197] isr        1335 0  nil  2  
[2021/07/29 10:44:37 306] isr        1636 ASR_MSG_GRSLT,   cloud  
[2021/07/29 10:44:37 306] isr        1335 0  nil  2  
[2021/07/29 10:44:37 415] isr        1636 ASR_MSG_GRSLT,   cloud  
[2021/07/29 10:44:37 415] isr        1335 0  nil  2  
[2021/07/29 10:44:37 526] isr        1636 ASR_MSG_GRSLT,   cloud  
[2021/07/29 10:44:37 526] isr        1335 0  nil  2  
[2021/07/29 10:44:37 645] isr        1636 ASR_MSG_GRSLT,   cloud  
[2021/07/29 10:44:37 645] isr        1335 0  nil  2  
[2021/07/29 10:44:37 756] isr        1636 ASR_MSG_GRSLT,   cloud  
[2021/07/29 10:44:37 756] isr        1335 0  nil  2  
[2021/07/29 10:44:37 865] isr        1636 ASR_MSG_GRSLT,   cloud  
[2021/07/29 10:44:37 865] isr        1335 0  nil  2  
[2021/07/29 10:44:37 976] isr        1636 ASR_MSG_GRSLT,   cloud  
[2021/07/29 10:44:37 976] isr        1335 0  nil  2  
[2021/07/29 10:44:38 085] isr        1636 ASR_MSG_GRSLT,   cloud  
[2021/07/29 10:44:38 085] isr        1335 0  nil  2  
[2021/07/29 10:44:38 196] isr        1636 ASR_MSG_GRSLT,   cloud  
[2021/07/29 10:44:38 196] isr        1335 0  nil  2  
[2021/07/29 10:44:38 305] isr        1636 ASR_MSG_GRSLT,   cloud  
[2021/07/29 10:44:38 305] isr        1335 0  nil  2  
[2021/07/29 10:44:38 415] isr        1636 ASR_MSG_GRSLT,   cloud  
[2021/07/29 10:44:38 415] isr        1335 0  nil  2  
[2021/07/29 10:44:38 526] isr        1636 ASR_MSG_GRSLT,   cloud  
[2021/07/29 10:44:38 526] isr        1335 0  nil  2  
============================================================
Time  2021/07/29 10:44:48 769 
============================================================
[2021/07/29 10:44:48 769] isr        1659 isr loaded!  
[2021/07/29 10:44:48 769] isr        1642 SYS_MSG_REGCB param0 =   msp_status_cb  param1 =   func(2e99918) 
[2021/07/29 10:44:48 775] isr        1537 ASR_MSG_SSB  
[2021/07/29 10:44:48 775] isr        1066 session_begin() [in], params:   sub = iat, domain = iat, language = zh_cn, accent = mandarin, sample_rate = 16000, result_type = plain, result_encoding = gb2312Íýýýý  nil  
[2021/07/29 10:44:48 775] isr        927  vad_set [in]  
[2021/07/29 10:44:48 775] isr        962  vad_enable :  true  
[2021/07/29 10:44:48 775] isr        980  vad_bos :  10000  
[2021/07/29 10:44:48 775] isr        981  vad_eos :  2000  
[2021/07/29 10:44:48 775] isr        886  enable_vad [in]  
[2021/07/29 10:44:48 775] isr        918  vad enabled!  2000  10000  
[2021/07/29 10:44:48 775] isr        921  enable_vad [out]  
[2021/07/29 10:44:48 775] isr        987  vad_set [out] | ret =  0  
[2021/07/29 10:44:48 775] isr        1187 cur_engine_type =   cloud  
[2021/07/29 10:44:48 775] isr        1001 cloud_session_begin  
[2021/07/29 10:44:48 775] isr        1013 unknown  
[2021/07/29 10:44:48 994] isr        1547 ASR_MSG_AUW,   cloud  
[2021/07/29 10:44:48 994] isr        1559 6400  1  
[2021/07/29 10:44:48 994] isr        1569 once_bytes:   6400  
[2021/07/29 10:44:48 994] isr        851  [aud] speech start  
[2021/07/29 10:44:48 994] isr        798  1  msc  
[2021/07/29 10:44:49 194] isr        1547 ASR_MSG_AUW,   cloud  
[2021/07/29 10:44:49 194] isr        1559 6400  2  
[2021/07/29 10:44:49 394] isr        1547 ASR_MSG_AUW,   cloud  
[2021/07/29 10:44:49 394] isr        1559 6400  2  
[2021/07/29 10:44:49 595] isr        1547 ASR_MSG_AUW,   cloud  
[2021/07/29 10:44:49 595] isr        1559 6400  2  
[2021/07/29 10:44:49 795] isr        1547 ASR_MSG_AUW,   cloud  
[2021/07/29 10:44:49 795] isr        1559 6400  2  
[2021/07/29 10:44:49 994] isr        1547 ASR_MSG_AUW,   cloud  
[2021/07/29 10:44:49 994] isr        1559 6400  2  
[2021/07/29 10:44:50 194] isr        1547 ASR_MSG_AUW,   cloud  
[2021/07/29 10:44:50 194] isr        1559 6400  2  
[2021/07/29 10:44:50 394] isr        1547 ASR_MSG_AUW,   cloud  
[2021/07/29 10:44:50 394] isr        1559 6400  2  
[2021/07/29 10:44:50 595] isr        1547 ASR_MSG_AUW,   cloud  
[2021/07/29 10:44:50 595] isr        1559 6400  2  
[2021/07/29 10:44:50 795] isr        1547 ASR_MSG_AUW,   cloud  
[2021/07/29 10:44:50 795] isr        1559 6400  2  
[2021/07/29 10:44:50 996] isr        1547 ASR_MSG_AUW,   cloud  
[2021/07/29 10:44:50 996] isr        1559 6400  2  
[2021/07/29 10:44:51 196] isr        1547 ASR_MSG_AUW,   cloud  
[2021/07/29 10:44:51 196] isr        1559 6400  2  
[2021/07/29 10:44:51 394] isr        1547 ASR_MSG_AUW,   cloud  
[2021/07/29 10:44:51 394] isr        1559 6400  2  
[2021/07/29 10:44:51 595] isr        1547 ASR_MSG_AUW,   cloud  
[2021/07/29 10:44:51 595] isr        1559 6400  2  
[2021/07/29 10:44:51 714] isr        1547 ASR_MSG_AUW,   cloud  
[2021/07/29 10:44:51 714] isr        1559 3778  2  
[2021/07/29 10:44:51 734] isr        1547 ASR_MSG_AUW,   cloud  
[2021/07/29 10:44:51 734] isr        1559 0  4  
[2021/07/29 10:44:51 734] isr        1592 aud end, USER  
[2021/07/29 10:44:51 734] isr        1636 ASR_MSG_GRSLT,   cloud  
[2021/07/29 10:44:51 734] isr        1335 0  nil  2  
[2021/07/29 10:44:51 734] isr        854  [aud] speech end  
[2021/07/29 10:44:51 734] isr        798  3  msc  
[2021/07/29 10:44:51 734] isr        707  cloud_status_cb, start local.  
[2021/07/29 10:44:51 845] isr        1636 ASR_MSG_GRSLT,   cloud  
[2021/07/29 10:44:51 845] isr        1335 0  nil  2  
[2021/07/29 10:44:51 954] isr        1636 ASR_MSG_GRSLT,   cloud  
[2021/07/29 10:44:51 954] isr        1335 0  nil  2  
[2021/07/29 10:44:52 065] isr        1636 ASR_MSG_GRSLT,   cloud  
[2021/07/29 10:44:52 065] isr        1335 0  nil  2  
[2021/07/29 10:44:52 174] isr        1636 ASR_MSG_GRSLT,   cloud  
[2021/07/29 10:44:52 174] isr        1335 0  nil  2  
[2021/07/29 10:44:52 285] isr        1636 ASR_MSG_GRSLT,   cloud  
[2021/07/29 10:44:52 285] isr        1335 0  nil  2  
[2021/07/29 10:44:52 394] isr        1636 ASR_MSG_GRSLT,   cloud  
[2021/07/29 10:44:52 394] isr        1335 0  nil  2  
[2021/07/29 10:44:52 505] isr        1636 ASR_MSG_GRSLT,   cloud  
[2021/07/29 10:44:52 505] isr        1335 0  nil  2  
[2021/07/29 10:44:52 615] isr        1636 ASR_MSG_GRSLT,   cloud  
[2021/07/29 10:44:52 615] isr        1335 0  nil  2  
[2021/07/29 10:44:52 724] isr        1636 ASR_MSG_GRSLT,   cloud  
[2021/07/29 10:44:52 724] isr        1335 0  nil  2  
[2021/07/29 10:44:52 835] isr        1636 ASR_MSG_GRSLT,   cloud  
[2021/07/29 10:44:52 835] isr        1335 0  nil  2  
[2021/07/29 10:44:52 946] isr        1636 ASR_MSG_GRSLT,   cloud  
[2021/07/29 10:44:52 946] isr        1335 0  nil  2  
[2021/07/29 10:44:53 055] isr        1636 ASR_MSG_GRSLT,   cloud  
[2021/07/29 10:44:53 055] isr        1335 0  nil  2  
[2021/07/29 10:44:53 164] isr        1636 ASR_MSG_GRSLT,   cloud  
[2021/07/29 10:44:53 164] isr        1335 0  nil  2  
[2021/07/29 10:44:53 275] isr        1636 ASR_MSG_GRSLT,   cloud  
[2021/07/29 10:44:53 275] isr        1335 0  nil  2  
[2021/07/29 10:44:53 384] isr        1636 ASR_MSG_GRSLT,   cloud  
[2021/07/29 10:44:53 384] isr        1335 0  nil  2  
[2021/07/29 10:44:53 494] isr        1636 ASR_MSG_GRSLT,   cloud  
[2021/07/29 10:44:53 494] isr        1335 0  nil  2  
[2021/07/29 10:44:53 605] isr        1636 ASR_MSG_GRSLT,   cloud  
[2021/07/29 10:44:53 605] isr        1335 0  nil  2  
[2021/07/29 10:44:53 714] isr        1636 ASR_MSG_GRSLT,   cloud  
[2021/07/29 10:44:53 714] isr        1335 0  nil  2  
[2021/07/29 10:44:53 825] isr        1636 ASR_MSG_GRSLT,   cloud  
[2021/07/29 10:44:53 825] isr        1335 0  nil  2  
[2021/07/29 10:44:53 934] isr        1636 ASR_MSG_GRSLT,   cloud  
[2021/07/29 10:44:53 934] isr        1335 0  nil  2  
[2021/07/29 10:44:54 045] isr        1636 ASR_MSG_GRSLT,   cloud  
[2021/07/29 10:44:54 045] isr        1335 0  nil  2  
[2021/07/29 10:44:54 154] isr        1636 ASR_MSG_GRSLT,   cloud  
[2021/07/29 10:44:54 154] isr        1335 0  nil  2  
[2021/07/29 10:44:54 256] isr        1636 ASR_MSG_GRSLT,   cloud  
[2021/07/29 10:44:54 256] isr        1335 0  nil  2  
[2021/07/29 10:44:54 365] isr        1636 ASR_MSG_GRSLT,   cloud  
[2021/07/29 10:44:54 365] isr        1335 0  nil  2  
[2021/07/29 10:44:54 474] isr        1636 ASR_MSG_GRSLT,   cloud  
[2021/07/29 10:44:54 474] isr        1335 0  nil  2  
[2021/07/29 10:44:54 585] isr        1636 ASR_MSG_GRSLT,   cloud  
[2021/07/29 10:44:54 585] isr        1335 0  nil  2  
[2021/07/29 10:44:54 696] isr        1636 ASR_MSG_GRSLT,   cloud  
[2021/07/29 10:44:54 696] isr        1335 0  nil  2  
[2021/07/29 10:44:54 805] isr        1636 ASR_MSG_GRSLT,   cloud  
[2021/07/29 10:44:54 805] isr        1335 0  nil  2  
[2021/07/29 10:44:54 914] isr        1636 ASR_MSG_GRSLT,   cloud  
[2021/07/29 10:44:54 914] isr        1335 0  nil  2  
[2021/07/29 10:44:55 025] isr        1636 ASR_MSG_GRSLT,   cloud  
[2021/07/29 10:44:55 025] isr        1335 0  nil  2  
[2021/07/29 10:44:55 135] isr        1636 ASR_MSG_GRSLT,   cloud  
[2021/07/29 10:44:55 135] isr        1335 0  nil  2  
[2021/07/29 10:44:55 244] isr        1636 ASR_MSG_GRSLT,   cloud  
[2021/07/29 10:44:55 244] isr        1335 0  nil  2  
[2021/07/29 10:44:55 355] isr        1636 ASR_MSG_GRSLT,   cloud  
[2021/07/29 10:44:55 355] isr        1335 0  nil  2  
[2021/07/29 10:44:55 464] isr        1636 ASR_MSG_GRSLT,   cloud  
[2021/07/29 10:44:55 464] isr        1335 0  nil  2  
[2021/07/29 10:44:55 575] isr        1636 ASR_MSG_GRSLT,   cloud  
[2021/07/29 10:44:55 575] isr        1335 0  nil  2  
[2021/07/29 10:44:55 686] isr        1636 ASR_MSG_GRSLT,   cloud  
[2021/07/29 10:44:55 686] isr        1335 0  nil  2  
[2021/07/29 10:44:55 795] isr        1636 ASR_MSG_GRSLT,   cloud  
[2021/07/29 10:44:55 795] isr        1335 0  nil  2  
[2021/07/29 10:44:55 904] isr        1636 ASR_MSG_GRSLT,   cloud  
[2021/07/29 10:44:55 904] isr        1335 0  nil  2  
[2021/07/29 10:44:56 015] isr        1636 ASR_MSG_GRSLT,   cloud  
[2021/07/29 10:44:56 015] isr        1335 0  nil  2  
[2021/07/29 10:44:56 125] isr        1636 ASR_MSG_GRSLT,   cloud  
[2021/07/29 10:44:56 125] isr        1335 0  nil  2  
[2021/07/29 10:44:56 236] isr        1636 ASR_MSG_GRSLT,   cloud  
[2021/07/29 10:44:56 236] isr        1335 0  nil  2  
[2021/07/29 10:44:56 345] isr        1636 ASR_MSG_GRSLT,   cloud  
[2021/07/29 10:44:56 345] isr        1335 0  nil  2  
[2021/07/29 10:44:56 456] isr        1636 ASR_MSG_GRSLT,   cloud  
[2021/07/29 10:44:56 456] isr        1335 0  nil  2  
[2021/07/29 10:44:56 565] isr        1636 ASR_MSG_GRSLT,   cloud  
[2021/07/29 10:44:56 565] isr        1335 0  nil  2  
[2021/07/29 10:44:56 674] isr        1636 ASR_MSG_GRSLT,   cloud  
[2021/07/29 10:44:56 674] isr        1335 0  nil  2  
[2021/07/29 10:44:56 779] isr        1636 ASR_MSG_GRSLT,   cloud  
[2021/07/29 10:44:56 779] isr        1335 0  nil  2  
[2021/07/29 10:44:56 894] isr        1636 ASR_MSG_GRSLT,   cloud  
[2021/07/29 10:44:56 894] isr        1335 0  nil  2  
[2021/07/29 10:44:57 006] isr        1636 ASR_MSG_GRSLT,   cloud  
[2021/07/29 10:44:57 006] isr        1335 0  nil  2  
[2021/07/29 10:44:57 115] isr        1636 ASR_MSG_GRSLT,   cloud  
[2021/07/29 10:44:57 115] isr        1335 0  nil  2  
[2021/07/29 10:44:57 224] isr        1636 ASR_MSG_GRSLT,   cloud  
[2021/07/29 10:44:57 224] isr        1335 0  nil  2  
[2021/07/29 10:44:57 335] isr        1636 ASR_MSG_GRSLT,   cloud  
[2021/07/29 10:44:57 335] isr        1335 0  nil  2  
[2021/07/29 10:44:57 444] isr        1636 ASR_MSG_GRSLT,   cloud  
[2021/07/29 10:44:57 444] isr        1335 0  nil  2  
[2021/07/29 10:44:57 555] isr        1636 ASR_MSG_GRSLT,   cloud  
[2021/07/29 10:44:57 555] isr        1335 0  nil  2  
[2021/07/29 10:44:57 664] isr        1636 ASR_MSG_GRSLT,   cloud  
[2021/07/29 10:44:57 664] isr        1335 0  nil  2  
[2021/07/29 10:44:57 775] isr        1636 ASR_MSG_GRSLT,   cloud  
[2021/07/29 10:44:57 775] isr        1335 0  nil  2  
[2021/07/29 10:44:57 885] isr        1636 ASR_MSG_GRSLT,   cloud  
[2021/07/29 10:44:57 885] isr        1335 0  nil  2  
[2021/07/29 10:44:57 994] isr        1636 ASR_MSG_GRSLT,   cloud  
[2021/07/29 10:44:57 994] isr        1335 0  nil  2  
[2021/07/29 10:44:58 105] isr        1636 ASR_MSG_GRSLT,   cloud  
[2021/07/29 10:44:58 105] isr        1335 0  nil  2  
[2021/07/29 10:44:58 214] isr        1636 ASR_MSG_GRSLT,   cloud  
[2021/07/29 10:44:58 214] isr        1335 0  nil  2  
[2021/07/29 10:44:58 325] isr        1636 ASR_MSG_GRSLT,   cloud  
[2021/07/29 10:44:58 325] isr        1335 0  nil  2  
[2021/07/29 10:44:58 434] isr        1636 ASR_MSG_GRSLT,   cloud  
[2021/07/29 10:44:58 434] isr        1335 0  nil  2  
[2021/07/29 10:44:58 545] isr        1636 ASR_MSG_GRSLT,   cloud  
[2021/07/29 10:44:58 545] isr        1335 0  nil  2  
[2021/07/29 10:44:58 654] isr        1636 ASR_MSG_GRSLT,   cloud  
[2021/07/29 10:44:58 654] isr        1335 0  nil  2  
[2021/07/29 10:44:58 765] isr        1636 ASR_MSG_GRSLT,   cloud  
[2021/07/29 10:44:58 765] isr        1335 0  nil  2  
[2021/07/29 10:44:58 875] isr        1636 ASR_MSG_GRSLT,   cloud  
[2021/07/29 10:44:58 875] isr        1335 0  nil  2  
[2021/07/29 10:44:58 984] isr        1636 ASR_MSG_GRSLT,   cloud  
[2021/07/29 10:44:58 984] isr        1335 0  nil  2  
[2021/07/29 10:44:59 105] isr        1636 ASR_MSG_GRSLT,   cloud  
[2021/07/29 10:44:59 105] isr        1335 0  nil  2  
[2021/07/29 10:44:59 214] isr        1636 ASR_MSG_GRSLT,   cloud  
[2021/07/29 10:44:59 214] isr        1335 0  nil  2  
[2021/07/29 10:44:59 325] isr        1636 ASR_MSG_GRSLT,   cloud  
[2021/07/29 10:44:59 325] isr        1335 0  nil  2  
[2021/07/29 10:44:59 434] isr        1636 ASR_MSG_GRSLT,   cloud  
[2021/07/29 10:44:59 434] isr        1335 0  nil  2  
[2021/07/29 10:44:59 545] isr        1636 ASR_MSG_GRSLT,   cloud  
[2021/07/29 10:44:59 545] isr        1335 0  nil  2  
[2021/07/29 10:44:59 654] isr        1636 ASR_MSG_GRSLT,   cloud  
[2021/07/29 10:44:59 654] isr        1335 0  nil  2  
[2021/07/29 10:44:59 765] isr        1636 ASR_MSG_GRSLT,   cloud  
[2021/07/29 10:44:59 765] isr        1335 0  nil  2  
[2021/07/29 10:44:59 875] isr        1636 ASR_MSG_GRSLT,   cloud  
[2021/07/29 10:44:59 875] isr        1335 0  nil  2  
[2021/07/29 10:44:59 984] isr        1636 ASR_MSG_GRSLT,   cloud  
[2021/07/29 10:44:59 984] isr        1335 0  nil  2  
[2021/07/29 10:45:00 095] isr        1636 ASR_MSG_GRSLT,   cloud  
[2021/07/29 10:45:00 095] isr        1335 0  nil  2  
[2021/07/29 10:45:00 204] isr        1636 ASR_MSG_GRSLT,   cloud  
[2021/07/29 10:45:00 204] isr        1335 0  nil  2  
[2021/07/29 10:45:00 315] isr        1636 ASR_MSG_GRSLT,   cloud  
[2021/07/29 10:45:00 315] isr        1335 0  nil  2  
[2021/07/29 10:45:00 424] isr        1636 ASR_MSG_GRSLT,   cloud  
[2021/07/29 10:45:00 424] isr        1335 0  nil  2  
[2021/07/29 10:45:00 535] isr        1636 ASR_MSG_GRSLT,   cloud  
[2021/07/29 10:45:00 535] isr        1335 0  nil  2  
[2021/07/29 10:45:00 644] isr        1636 ASR_MSG_GRSLT,   cloud  
[2021/07/29 10:45:00 644] isr        1335 0  nil  2  
[2021/07/29 10:45:00 755] isr        1636 ASR_MSG_GRSLT,   cloud  
[2021/07/29 10:45:00 755] isr        1335 0  nil  2  
[2021/07/29 10:45:00 865] isr        1636 ASR_MSG_GRSLT,   cloud  
[2021/07/29 10:45:00 865] isr        1335 0  nil  2  
[2021/07/29 10:45:00 974] isr        1636 ASR_MSG_GRSLT,   cloud  
[2021/07/29 10:45:00 974] isr        1335 0  nil  2  
[2021/07/29 10:45:01 085] isr        1636 ASR_MSG_GRSLT,   cloud  
[2021/07/29 10:45:01 085] isr        1335 0  nil  2  
[2021/07/29 10:45:01 194] isr        1636 ASR_MSG_GRSLT,   cloud  
[2021/07/29 10:45:01 194] isr        1335 0  nil  2  
[2021/07/29 10:45:01 305] isr        1636 ASR_MSG_GRSLT,   cloud  
[2021/07/29 10:45:01 305] isr        1335 0  nil  2  
[2021/07/29 10:45:01 415] isr        1636 ASR_MSG_GRSLT,   cloud  
[2021/07/29 10:45:01 415] isr        1335 0  nil  2  
[2021/07/29 10:45:01 525] isr        1636 ASR_MSG_GRSLT,   cloud  
[2021/07/29 10:45:01 525] isr        1335 0  nil  2  
[2021/07/29 10:45:01 635] isr        1636 ASR_MSG_GRSLT,   cloud  
[2021/07/29 10:45:01 635] isr        1335 0  nil  2  
[2021/07/29 10:45:01 744] isr        1636 ASR_MSG_GRSLT,   cloud  
[2021/07/29 10:45:01 744] isr        1335 0  nil  2  
[2021/07/29 10:45:01 855] isr        1636 ASR_MSG_GRSLT,   cloud  
[2021/07/29 10:45:01 855] isr        1335 0  nil  2  
[2021/07/29 10:45:01 954] isr        1636 ASR_MSG_GRSLT,   cloud  
[2021/07/29 10:45:01 954] isr        1335 0  nil  2  
[2021/07/29 10:45:02 065] isr        1636 ASR_MSG_GRSLT,   cloud  
[2021/07/29 10:45:02 065] isr        1335 0  nil  2  
[2021/07/29 10:45:02 174] isr        1636 ASR_MSG_GRSLT,   cloud  
[2021/07/29 10:45:02 174] isr        1335 0  nil  2  
[2021/07/29 10:45:02 285] isr        1636 ASR_MSG_GRSLT,   cloud  
[2021/07/29 10:45:02 285] isr        1335 0  nil  2  
[2021/07/29 10:45:02 394] isr        1636 ASR_MSG_GRSLT,   cloud  
[2021/07/29 10:45:02 394] isr        1335 0  nil  2  
[2021/07/29 10:45:02 505] isr        1636 ASR_MSG_GRSLT,   cloud  
[2021/07/29 10:45:02 505] isr        1335 0  nil  2  
[2021/07/29 10:45:02 615] isr        1636 ASR_MSG_GRSLT,   cloud  
[2021/07/29 10:45:02 615] isr        1335 0  nil  2  
[2021/07/29 10:45:02 724] isr        1636 ASR_MSG_GRSLT,   cloud  
[2021/07/29 10:45:02 724] isr        1335 0  nil  2  
[2021/07/29 10:45:02 835] isr        1636 ASR_MSG_GRSLT,   cloud  
[2021/07/29 10:45:02 835] isr        1335 0  nil  2  
[2021/07/29 10:45:02 946] isr        1636 ASR_MSG_GRSLT,   cloud  
[2021/07/29 10:45:02 946] isr        1335 0  nil  2  
[2021/07/29 10:45:03 055] isr        1636 ASR_MSG_GRSLT,   cloud  
[2021/07/29 10:45:03 055] isr        1335 0  nil  2  
[2021/07/29 10:45:03 164] isr        1636 ASR_MSG_GRSLT,   cloud  
[2021/07/29 10:45:03 164] isr        1335 0  nil  2  
[2021/07/29 10:45:03 275] isr        1636 ASR_MSG_GRSLT,   cloud  
[2021/07/29 10:45:03 275] isr        1335 0  nil  2  
[2021/07/29 10:45:03 384] isr        1636 ASR_MSG_GRSLT,   cloud  
[2021/07/29 10:45:03 384] isr        1335 0  nil  2  
[2021/07/29 10:45:03 494] isr        1636 ASR_MSG_GRSLT,   cloud  
[2021/07/29 10:45:03 494] isr        1335 0  nil  2  
[2021/07/29 10:45:03 605] isr        1636 ASR_MSG_GRSLT,   cloud  
[2021/07/29 10:45:03 605] isr        1335 0  nil  2  
[2021/07/29 10:45:03 714] isr        1636 ASR_MSG_GRSLT,   cloud  
[2021/07/29 10:45:03 714] isr        1335 0  nil  2  
[2021/07/29 10:45:03 825] isr        1636 ASR_MSG_GRSLT,   cloud  
[2021/07/29 10:45:03 825] isr        1335 0  nil  2  
[2021/07/29 10:45:03 934] isr        1636 ASR_MSG_GRSLT,   cloud  
[2021/07/29 10:45:03 934] isr        1335 0  nil  2  
[2021/07/29 10:45:04 045] isr        1636 ASR_MSG_GRSLT,   cloud  
[2021/07/29 10:45:04 045] isr        1335 0  nil  2  
[2021/07/29 10:45:04 154] isr        1636 ASR_MSG_GRSLT,   cloud  
[2021/07/29 10:45:04 154] isr        1335 0  nil  2  
[2021/07/29 10:45:04 265] isr        1636 ASR_MSG_GRSLT,   cloud  
[2021/07/29 10:45:04 265] isr        1335 0  nil  2  
[2021/07/29 10:45:04 375] isr        1636 ASR_MSG_GRSLT,   cloud  
[2021/07/29 10:45:04 375] isr        1335 0  nil  2  
[2021/07/29 10:45:04 484] isr        1636 ASR_MSG_GRSLT,   cloud  
[2021/07/29 10:45:04 484] isr        1335 0  nil  2  
[2021/07/29 10:45:04 595] isr        1636 ASR_MSG_GRSLT,   cloud  
[2021/07/29 10:45:04 595] isr        1335 0  nil  2  
[2021/07/29 10:45:04 704] isr        1636 ASR_MSG_GRSLT,   cloud  
[2021/07/29 10:45:04 704] isr        1335 0  nil  2  
[2021/07/29 10:45:04 815] isr        1636 ASR_MSG_GRSLT,   cloud  
[2021/07/29 10:45:04 815] isr        1335 0  nil  2  
[2021/07/29 10:45:04 924] isr        1636 ASR_MSG_GRSLT,   cloud  
[2021/07/29 10:45:04 924] isr        1335 0  nil  2  
[2021/07/29 10:45:05 025] isr        1636 ASR_MSG_GRSLT,   cloud  
[2021/07/29 10:45:05 025] isr        1335 0  nil  2  
[2021/07/29 10:45:05 134] isr        1636 ASR_MSG_GRSLT,   cloud  
[2021/07/29 10:45:05 134] isr        1335 0  nil  2  
[2021/07/29 10:45:05 244] isr        1636 ASR_MSG_GRSLT,   cloud  
[2021/07/29 10:45:05 244] isr        1335 0  nil  2  
[2021/07/29 10:45:05 355] isr        1636 ASR_MSG_GRSLT,   cloud  
[2021/07/29 10:45:05 355] isr        1335 0  nil  2  
[2021/07/29 10:45:05 464] isr        1636 ASR_MSG_GRSLT,   cloud  
[2021/07/29 10:45:05 464] isr        1335 0  nil  2  
[2021/07/29 10:45:05 573] isr        1636 ASR_MSG_GRSLT,   cloud  
[2021/07/29 10:45:05 573] isr        1335 0  nil  2  
[2021/07/29 10:45:05 684] isr        1636 ASR_MSG_GRSLT,   cloud  
[2021/07/29 10:45:05 684] isr        1335 0  nil  2  
[2021/07/29 10:45:05 795] isr        1636 ASR_MSG_GRSLT,   cloud  
[2021/07/29 10:45:05 795] isr        1335 0  nil  2  
[2021/07/29 10:45:05 894] isr        1636 ASR_MSG_GRSLT,   cloud  
[2021/07/29 10:45:05 894] isr        1335 0  nil  2  
[2021/07/29 10:45:06 005] isr        1636 ASR_MSG_GRSLT,   cloud  
[2021/07/29 10:45:06 005] isr        1335 0  nil  2  
[2021/07/29 10:45:06 115] isr        1636 ASR_MSG_GRSLT,   cloud  
[2021/07/29 10:45:06 115] isr        1335 0  nil  2  
[2021/07/29 10:45:06 224] isr        1636 ASR_MSG_GRSLT,   cloud  
[2021/07/29 10:45:06 224] isr        1335 0  nil  2  
[2021/07/29 10:45:06 335] isr        1636 ASR_MSG_GRSLT,   cloud  
[2021/07/29 10:45:06 335] isr        1335 0  nil  2  
[2021/07/29 10:45:06 444] isr        1636 ASR_MSG_GRSLT,   cloud  
[2021/07/29 10:45:06 444] isr        1335 0  nil  2  
[2021/07/29 10:45:06 555] isr        1636 ASR_MSG_GRSLT,   cloud  
[2021/07/29 10:45:06 555] isr        1335 0  nil  2  
[2021/07/29 10:45:06 664] isr        1636 ASR_MSG_GRSLT,   cloud  
[2021/07/29 10:45:06 664] isr        1335 0  nil  2  
[2021/07/29 10:45:06 775] isr        1636 ASR_MSG_GRSLT,   cloud  
[2021/07/29 10:45:06 775] isr        1335 0  nil  2  
[2021/07/29 10:45:06 884] isr        1636 ASR_MSG_GRSLT,   cloud  
[2021/07/29 10:45:06 884] isr        1335 0  nil  2  
[2021/07/29 10:45:06 994] isr        1636 ASR_MSG_GRSLT,   cloud  
[2021/07/29 10:45:06 994] isr        1335 0  nil  2  
[2021/07/29 10:45:07 105] isr        1636 ASR_MSG_GRSLT,   cloud  
[2021/07/29 10:45:07 105] isr        1335 0  nil  2  
[2021/07/29 10:45:07 224] isr        1636 ASR_MSG_GRSLT,   cloud  
[2021/07/29 10:45:07 224] isr        1335 0  nil  2  
[2021/07/29 10:45:07 335] isr        1636 ASR_MSG_GRSLT,   cloud  
[2021/07/29 10:45:07 335] isr        1335 0  nil  2  
[2021/07/29 10:45:07 444] isr        1636 ASR_MSG_GRSLT,   cloud  
[2021/07/29 10:45:07 444] isr        1335 0  nil  2  
[2021/07/29 10:45:07 555] isr        1636 ASR_MSG_GRSLT,   cloud  
[2021/07/29 10:45:07 555] isr        1335 0  nil  2  
[2021/07/29 10:45:07 664] isr        1636 ASR_MSG_GRSLT,   cloud  
[2021/07/29 10:45:07 664] isr        1335 0  nil  2  
[2021/07/29 10:45:07 775] isr        1636 ASR_MSG_GRSLT,   cloud  
[2021/07/29 10:45:07 775] isr        1335 0  nil  2  
[2021/07/29 10:45:07 884] isr        1636 ASR_MSG_GRSLT,   cloud  
[2021/07/29 10:45:07 884] isr        1335 0  nil  2  
[2021/07/29 10:45:07 994] isr        1636 ASR_MSG_GRSLT,   cloud  
[2021/07/29 10:45:07 994] isr        1335 0  nil  2  
[2021/07/29 10:45:08 105] isr        1636 ASR_MSG_GRSLT,   cloud  
[2021/07/29 10:45:08 105] isr        1335 0  nil  2  
[2021/07/29 10:45:08 214] isr        1636 ASR_MSG_GRSLT,   cloud  
[2021/07/29 10:45:08 214] isr        1335 0  nil  2  
[2021/07/29 10:45:08 325] isr        1636 ASR_MSG_GRSLT,   cloud  
[2021/07/29 10:45:08 325] isr        1335 0  nil  2  
[2021/07/29 10:45:08 434] isr        1636 ASR_MSG_GRSLT,   cloud  
[2021/07/29 10:45:08 434] isr        1335 0  nil  2  
[2021/07/29 10:45:08 545] isr        1636 ASR_MSG_GRSLT,   cloud  
[2021/07/29 10:45:08 545] isr        1335 0  nil  2  
[2021/07/29 10:45:08 654] isr        1636 ASR_MSG_GRSLT,   cloud  
[2021/07/29 10:45:08 654] isr        1335 0  nil  2  
[2021/07/29 10:45:08 775] isr        1636 ASR_MSG_GRSLT,   cloud  
[2021/07/29 10:45:08 775] isr        1335 0  nil  2  
[2021/07/29 10:45:08 884] isr        1636 ASR_MSG_GRSLT,   cloud  
[2021/07/29 10:45:08 884] isr        1335 0  nil  2  
[2021/07/29 10:45:08 994] isr        1636 ASR_MSG_GRSLT,   cloud  
[2021/07/29 10:45:08 994] isr        1335 0  nil  2  
[2021/07/29 10:45:09 105] isr        1636 ASR_MSG_GRSLT,   cloud  
[2021/07/29 10:45:09 105] isr        1335 0  nil  2  
[2021/07/29 10:45:09 214] isr        1636 ASR_MSG_GRSLT,   cloud  
[2021/07/29 10:45:09 214] isr        1335 0  nil  2  
[2021/07/29 10:45:09 325] isr        1636 ASR_MSG_GRSLT,   cloud  
[2021/07/29 10:45:09 325] isr        1335 0  nil  2  
[2021/07/29 10:45:09 434] isr        1636 ASR_MSG_GRSLT,   cloud  
[2021/07/29 10:45:09 434] isr        1335 0  nil  2  
[2021/07/29 10:45:09 545] isr        1636 ASR_MSG_GRSLT,   cloud  
[2021/07/29 10:45:09 545] isr        1335 0  nil  2  
[2021/07/29 10:45:09 654] isr        1636 ASR_MSG_GRSLT,   cloud  
[2021/07/29 10:45:09 654] isr        1335 0  nil  2  
[2021/07/29 10:45:09 765] isr        1636 ASR_MSG_GRSLT,   cloud  
[2021/07/29 10:45:09 765] isr        1335 0  nil  2  
[2021/07/29 10:45:09 875] isr        1636 ASR_MSG_GRSLT,   cloud  
[2021/07/29 10:45:09 875] isr        1335 0  nil  2  
[2021/07/29 10:45:09 984] isr        1636 ASR_MSG_GRSLT,   cloud  
[2021/07/29 10:45:09 984] isr        1335 0  nil  2  
[2021/07/29 10:45:10 095] isr        1636 ASR_MSG_GRSLT,   cloud  
[2021/07/29 10:45:10 095] isr        1335 0  nil  2  
[2021/07/29 10:45:10 204] isr        1636 ASR_MSG_GRSLT,   cloud  
[2021/07/29 10:45:10 204] isr        1335 0  nil  2  
[2021/07/29 10:45:10 315] isr        1636 ASR_MSG_GRSLT,   cloud  
[2021/07/29 10:45:10 315] isr        1335 0  nil  2  
[2021/07/29 10:45:10 434] isr        1636 ASR_MSG_GRSLT,   cloud  
[2021/07/29 10:45:10 434] isr        1335 0  nil  2  
[2021/07/29 10:45:10 545] isr        1636 ASR_MSG_GRSLT,   cloud  
[2021/07/29 10:45:10 545] isr        1335 0  nil  2  
[2021/07/29 10:45:10 664] isr        1636 ASR_MSG_GRSLT,   cloud  
[2021/07/29 10:45:10 664] isr        1335 0  nil  2  
[2021/07/29 10:45:10 775] isr        1636 ASR_MSG_GRSLT,   cloud  
[2021/07/29 10:45:10 775] isr        1335 0  nil  2  
[2021/07/29 10:45:10 884] isr        1636 ASR_MSG_GRSLT,   cloud  
[2021/07/29 10:45:10 884] isr        1335 0  nil  2  
[2021/07/29 10:45:10 994] isr        1636 ASR_MSG_GRSLT,   cloud  
[2021/07/29 10:45:10 994] isr        1335 0  nil  2  
[2021/07/29 10:45:11 105] isr        1636 ASR_MSG_GRSLT,   cloud  
[2021/07/29 10:45:11 105] isr        1335 0  nil  2  
[2021/07/29 10:45:11 214] isr        1636 ASR_MSG_GRSLT,   cloud  
[2021/07/29 10:45:11 214] isr        1335 0  nil  2  
[2021/07/29 10:45:11 323] isr        1636 ASR_MSG_GRSLT,   cloud  
[2021/07/29 10:45:11 323] isr        1335 0  nil  2  
[2021/07/29 10:45:11 434] isr        1636 ASR_MSG_GRSLT,   cloud  
[2021/07/29 10:45:11 434] isr        1335 0  nil  2  
[2021/07/29 10:45:11 545] isr        1636 ASR_MSG_GRSLT,   cloud  
[2021/07/29 10:45:11 545] isr        1335 0  nil  2  
[2021/07/29 10:45:11 625] isr        700  cloud_status_cb, eps:  3  
[2021/07/29 10:45:11 625] isr        798  3  cloud  
[2021/07/29 10:45:11 625] isr        800  already speech end  
[2021/07/29 10:45:11 625] isr        662  cloud_rslt_cb status =   5  
[2021/07/29 10:45:11 625] isr        641  process_result call:  cloud  udata(45e73d8) 5  nil  
[2021/07/29 10:45:11 625] isr        798  3  msc  
[2021/07/29 10:45:11 625] isr        800  already speech end  
[2021/07/29 10:45:11 654] isr        1636 ASR_MSG_GRSLT,   cloud  
[2021/07/29 10:45:11 654] isr        1335 0  udata(45e73d8) 5  
[2021/07/29 10:45:11 765] isr        1639 ASR_MSG_SSE,   cloud  
[2021/07/29 10:45:11 765] isr        1356 session_end() [in]  
[2021/07/29 10:45:11 765] isr        1421 cloud_session_end() [in]  
[2021/07/29 10:45:11 765] isr        1488 ns_host=  open.xf-yun.com  
[2021/07/29 10:45:11 765] isr        1498 tick()mod=  6231906  
[2021/07/29 10:45:11 765] isr        1499 tick()=  6231906  
[2021/07/29 10:45:11 765] isr        1501 diff=  422  
[2021/07/29 10:45:11 765] isr        1514 cloud_session_end() [out]  
[2021/07/29 10:45:11 765] isr        1667 isr unload!  
============================================================
Time  2021/07/29 10:45:11 785 
============================================================
[2021/07/29 10:45:11 785] isr        1659 isr loaded!  
[2021/07/29 10:45:11 785] isr        1642 SYS_MSG_REGCB param0 =   msp_status_cb  param1 =   func(4678c08) 
[2021/07/29 10:45:11 815] isr        1537 ASR_MSG_SSB  
[2021/07/29 10:45:11 815] isr        1066 session_begin() [in], params:   sub = iat, domain = iat, language = zh_cn, accent = mandarin, sample_rate = 16000, result_type = plain, result_encoding = gb2312Íýýýý  nil  
[2021/07/29 10:45:11 815] isr        927  vad_set [in]  
[2021/07/29 10:45:11 815] isr        962  vad_enable :  true  
[2021/07/29 10:45:11 815] isr        980  vad_bos :  10000  
[2021/07/29 10:45:11 815] isr        981  vad_eos :  2000  
[2021/07/29 10:45:11 815] isr        886  enable_vad [in]  
[2021/07/29 10:45:11 815] isr        918  vad enabled!  2000  10000  
[2021/07/29 10:45:11 815] isr        921  enable_vad [out]  
[2021/07/29 10:45:11 815] isr        987  vad_set [out] | ret =  0  
[2021/07/29 10:45:11 815] isr        1187 cur_engine_type =   cloud  
[2021/07/29 10:45:11 815] isr        1001 cloud_session_begin  
[2021/07/29 10:45:11 815] isr        1013 unknown  
[2021/07/29 10:45:11 855] isr        1547 ASR_MSG_AUW,   cloud  
[2021/07/29 10:45:11 855] isr        1559 0  4  
[2021/07/29 10:45:11 855] isr        1592 aud end, USER  
[2021/07/29 10:45:11 855] isr        1636 ASR_MSG_GRSLT,   cloud  
[2021/07/29 10:45:11 855] isr        1335 0  nil  2  
[2021/07/29 10:45:11 864] isr        854  [aud] speech end  
[2021/07/29 10:45:11 864] isr        798  3  msc  
[2021/07/29 10:45:11 934] isr        691  cloud_err_cb errorcode =   10118  detail =   MSC:no audio  
[2021/07/29 10:45:11 934] isr        399  error occurred:   cloud  10118  
[2021/07/29 10:45:11 970] isr        1636 ASR_MSG_GRSLT,   cloud  
[2021/07/29 10:45:11 970] isr        1335 10118  nil  2  
[2021/07/29 10:45:11 974] isr        1639 ASR_MSG_SSE,   cloud  
[2021/07/29 10:45:11 974] isr        1356 session_end() [in]  
[2021/07/29 10:45:11 974] isr        1421 cloud_session_end() [in]  
[2021/07/29 10:45:11 980] isr        1488 ns_host=  open.xf-yun.com  
[2021/07/29 10:45:11 980] isr        1498 tick()mod=  6232125  
[2021/07/29 10:45:11 980] isr        1499 tick()=  6232125  
[2021/07/29 10:45:11 980] isr        1501 diff=  641  
[2021/07/29 10:45:11 980] isr        1514 cloud_session_end() [out]  
[2021/07/29 10:45:11 984] isr        1667 isr unload!  
