============================================================
Time  2021/07/30 09:07:13 994 
============================================================
[2021/07/30 09:07:13 996] isr        1659 isr loaded!  
[2021/07/30 09:07:13 996] isr        1642 SYS_MSG_REGCB param0 =   msp_status_cb  param1 =   func(1eef6c0) 
[2021/07/30 09:07:13 996] isr        1537 ASR_MSG_SSB  
[2021/07/30 09:07:13 996] isr        1066 session_begin() [in], params:   sub = iat, domain = iat, language = zh_cn, accent = mandarin, sample_rate = 16000, result_type = plain, result_encoding = gb2312  nil  
[2021/07/30 09:07:13 996] isr        927  vad_set [in]  
[2021/07/30 09:07:13 996] isr        962  vad_enable :  true  
[2021/07/30 09:07:13 996] isr        980  vad_bos :  10000  
[2021/07/30 09:07:13 996] isr        981  vad_eos :  2000  
[2021/07/30 09:07:13 996] isr        886  enable_vad [in]  
[2021/07/30 09:07:13 996] isr        918  vad enabled!  2000  10000  
[2021/07/30 09:07:13 996] isr        921  enable_vad [out]  
[2021/07/30 09:07:13 996] isr        987  vad_set [out] | ret =  0  
[2021/07/30 09:07:13 997] isr        1187 cur_engine_type =   cloud  
[2021/07/30 09:07:13 997] isr        1001 cloud_session_begin  
[2021/07/30 09:07:13 997] isr        1013 unknown  
[2021/07/30 09:07:13 999] isr        1547 ASR_MSG_AUW,   cloud  
[2021/07/30 09:07:14 000] isr        1559 6400  1  
[2021/07/30 09:07:14 000] isr        1569 once_bytes:   6400  
[2021/07/30 09:07:14 002] isr        851  [aud] speech start  
[2021/07/30 09:07:14 002] isr        798  1  msc  
[2021/07/30 09:07:14 210] isr        1547 ASR_MSG_AUW,   cloud  
[2021/07/30 09:07:14 210] isr        1559 6400  2  
[2021/07/30 09:07:14 348] isr        700  cloud_status_cb, eps:  1  
[2021/07/30 09:07:14 348] isr        798  1  cloud  
[2021/07/30 09:07:14 348] isr        813  cloud eps ignored  
[2021/07/30 09:07:14 411] isr        1547 ASR_MSG_AUW,   cloud  
[2021/07/30 09:07:14 411] isr        1559 6400  2  
[2021/07/30 09:07:14 618] isr        1547 ASR_MSG_AUW,   cloud  
[2021/07/30 09:07:14 618] isr        1559 6400  2  
[2021/07/30 09:07:14 825] isr        1547 ASR_MSG_AUW,   cloud  
[2021/07/30 09:07:14 825] isr        1559 6400  2  
[2021/07/30 09:07:15 029] isr        1547 ASR_MSG_AUW,   cloud  
[2021/07/30 09:07:15 029] isr        1559 6400  2  
[2021/07/30 09:07:15 232] isr        1547 ASR_MSG_AUW,   cloud  
[2021/07/30 09:07:15 232] isr        1559 6400  2  
[2021/07/30 09:07:15 437] isr        1547 ASR_MSG_AUW,   cloud  
[2021/07/30 09:07:15 437] isr        1559 6400  2  
[2021/07/30 09:07:15 642] isr        1547 ASR_MSG_AUW,   cloud  
[2021/07/30 09:07:15 642] isr        1559 6400  2  
[2021/07/30 09:07:15 845] isr        1547 ASR_MSG_AUW,   cloud  
[2021/07/30 09:07:15 845] isr        1559 6400  2  
[2021/07/30 09:07:16 049] isr        1547 ASR_MSG_AUW,   cloud  
[2021/07/30 09:07:16 049] isr        1559 6400  2  
[2021/07/30 09:07:16 253] isr        1547 ASR_MSG_AUW,   cloud  
[2021/07/30 09:07:16 253] isr        1559 6400  2  
[2021/07/30 09:07:16 459] isr        1547 ASR_MSG_AUW,   cloud  
[2021/07/30 09:07:16 459] isr        1559 6400  2  
[2021/07/30 09:07:16 664] isr        1547 ASR_MSG_AUW,   cloud  
[2021/07/30 09:07:16 664] isr        1559 6400  2  
[2021/07/30 09:07:16 871] isr        1547 ASR_MSG_AUW,   cloud  
[2021/07/30 09:07:16 871] isr        1559 6400  2  
[2021/07/30 09:07:17 075] isr        1547 ASR_MSG_AUW,   cloud  
[2021/07/30 09:07:17 075] isr        1559 6400  2  
[2021/07/30 09:07:17 282] isr        1547 ASR_MSG_AUW,   cloud  
[2021/07/30 09:07:17 282] isr        1559 6400  2  
[2021/07/30 09:07:17 490] isr        1547 ASR_MSG_AUW,   cloud  
[2021/07/30 09:07:17 490] isr        1559 6400  2  
[2021/07/30 09:07:17 694] isr        1547 ASR_MSG_AUW,   cloud  
[2021/07/30 09:07:17 694] isr        1559 6400  2  
[2021/07/30 09:07:17 898] isr        1547 ASR_MSG_AUW,   cloud  
[2021/07/30 09:07:17 898] isr        1559 6400  2  
[2021/07/30 09:07:18 105] isr        1547 ASR_MSG_AUW,   cloud  
[2021/07/30 09:07:18 105] isr        1559 6400  2  
[2021/07/30 09:07:18 309] isr        1547 ASR_MSG_AUW,   cloud  
[2021/07/30 09:07:18 309] isr        1559 6400  2  
[2021/07/30 09:07:18 516] isr        1547 ASR_MSG_AUW,   cloud  
[2021/07/30 09:07:18 516] isr        1559 7420  2  
[2021/07/30 09:07:18 602] isr        662  cloud_rslt_cb status =   0  
[2021/07/30 09:07:18 602] isr        641  process_result call:  cloud  udata(2ced9a0) 0  nil  
[2021/07/30 09:07:18 720] isr        1547 ASR_MSG_AUW,   cloud  
[2021/07/30 09:07:18 720] isr        1559 0  4  
[2021/07/30 09:07:18 720] isr        1592 aud end, USER  
[2021/07/30 09:07:18 721] isr        1636 ASR_MSG_GRSLT,   cloud  
[2021/07/30 09:07:18 721] isr        1335 0  udata(2ced9a0) 0  
[2021/07/30 09:07:18 723] isr        854  [aud] speech end  
[2021/07/30 09:07:18 723] isr        798  3  msc  
[2021/07/30 09:07:18 834] isr        700  cloud_status_cb, eps:  3  
[2021/07/30 09:07:18 834] isr        798  3  cloud  
[2021/07/30 09:07:18 834] isr        800  already speech end  
[2021/07/30 09:07:18 835] isr        662  cloud_rslt_cb status =   5  
[2021/07/30 09:07:18 835] isr        641  process_result call:  cloud  udata(2cee4b0) 5  nil  
[2021/07/30 09:07:18 835] isr        798  3  msc  
[2021/07/30 09:07:18 835] isr        800  already speech end  
[2021/07/30 09:07:18 878] isr        1636 ASR_MSG_GRSLT,   cloud  
[2021/07/30 09:07:18 878] isr        1335 0  udata(2cee4b0) 5  
[2021/07/30 09:07:19 039] isr        1639 ASR_MSG_SSE,   cloud  
[2021/07/30 09:07:19 039] isr        1356 session_end() [in]  
[2021/07/30 09:07:19 039] isr        1421 cloud_session_end() [in]  
[2021/07/30 09:07:19 039] isr        1488 ns_host=  open.xf-yun.com  
[2021/07/30 09:07:19 039] isr        1498 tick()mod=  63824187  
[2021/07/30 09:07:19 040] isr        1499 tick()=  63824187  
[2021/07/30 09:07:19 040] isr        1501 diff=  4766  
[2021/07/30 09:07:19 040] isr        1514 cloud_session_end() [out]  
[2021/07/30 09:07:19 042] isr        1667 isr unload!  
============================================================
Time  2021/07/30 09:07:32 391 
============================================================
[2021/07/30 09:07:32 391] isr        1659 isr loaded!  
[2021/07/30 09:07:32 392] isr        1642 SYS_MSG_REGCB param0 =   msp_status_cb  param1 =   func(1b3e948) 
[2021/07/30 09:07:32 392] isr        1537 ASR_MSG_SSB  
[2021/07/30 09:07:32 392] isr        1066 session_begin() [in], params:   sub = iat, domain = iat, language = zh_cn, accent = mandarin, sample_rate = 16000, result_type = plain, result_encoding = gb2312  nil  
[2021/07/30 09:07:32 392] isr        927  vad_set [in]  
[2021/07/30 09:07:32 392] isr        962  vad_enable :  true  
[2021/07/30 09:07:32 392] isr        980  vad_bos :  10000  
[2021/07/30 09:07:32 392] isr        981  vad_eos :  2000  
[2021/07/30 09:07:32 392] isr        886  enable_vad [in]  
[2021/07/30 09:07:32 394] isr        918  vad enabled!  2000  10000  
[2021/07/30 09:07:32 394] isr        921  enable_vad [out]  
[2021/07/30 09:07:32 394] isr        987  vad_set [out] | ret =  0  
[2021/07/30 09:07:32 394] isr        1187 cur_engine_type =   cloud  
[2021/07/30 09:07:32 394] isr        1001 cloud_session_begin  
[2021/07/30 09:07:32 394] isr        1013 unknown  
[2021/07/30 09:07:32 397] isr        1547 ASR_MSG_AUW,   cloud  
[2021/07/30 09:07:32 397] isr        1559 6400  1  
[2021/07/30 09:07:32 397] isr        1569 once_bytes:   6400  
[2021/07/30 09:07:32 398] isr        851  [aud] speech start  
[2021/07/30 09:07:32 398] isr        798  1  msc  
[2021/07/30 09:07:32 611] isr        1547 ASR_MSG_AUW,   cloud  
[2021/07/30 09:07:32 611] isr        1559 6400  2  
[2021/07/30 09:07:32 709] isr        700  cloud_status_cb, eps:  1  
[2021/07/30 09:07:32 709] isr        798  1  cloud  
[2021/07/30 09:07:32 709] isr        813  cloud eps ignored  
[2021/07/30 09:07:32 816] isr        1547 ASR_MSG_AUW,   cloud  
[2021/07/30 09:07:32 816] isr        1559 6400  2  
[2021/07/30 09:07:33 023] isr        1547 ASR_MSG_AUW,   cloud  
[2021/07/30 09:07:33 023] isr        1559 6400  2  
[2021/07/30 09:07:33 227] isr        1547 ASR_MSG_AUW,   cloud  
[2021/07/30 09:07:33 227] isr        1559 6400  2  
[2021/07/30 09:07:33 433] isr        1547 ASR_MSG_AUW,   cloud  
[2021/07/30 09:07:33 434] isr        1559 6400  2  
[2021/07/30 09:07:33 635] isr        1547 ASR_MSG_AUW,   cloud  
[2021/07/30 09:07:33 637] isr        1559 6400  2  
[2021/07/30 09:07:33 842] isr        1547 ASR_MSG_AUW,   cloud  
[2021/07/30 09:07:33 842] isr        1559 6400  2  
[2021/07/30 09:07:34 045] isr        1547 ASR_MSG_AUW,   cloud  
[2021/07/30 09:07:34 045] isr        1559 6400  2  
[2021/07/30 09:07:34 250] isr        1547 ASR_MSG_AUW,   cloud  
[2021/07/30 09:07:34 250] isr        1559 6400  2  
[2021/07/30 09:07:34 457] isr        1547 ASR_MSG_AUW,   cloud  
[2021/07/30 09:07:34 457] isr        1559 6400  2  
[2021/07/30 09:07:34 661] isr        1547 ASR_MSG_AUW,   cloud  
[2021/07/30 09:07:34 661] isr        1559 6400  2  
[2021/07/30 09:07:34 868] isr        1547 ASR_MSG_AUW,   cloud  
[2021/07/30 09:07:34 868] isr        1559 6400  2  
[2021/07/30 09:07:35 069] isr        1547 ASR_MSG_AUW,   cloud  
[2021/07/30 09:07:35 069] isr        1559 6400  2  
[2021/07/30 09:07:35 273] isr        1547 ASR_MSG_AUW,   cloud  
[2021/07/30 09:07:35 273] isr        1559 6400  2  
[2021/07/30 09:07:35 477] isr        1547 ASR_MSG_AUW,   cloud  
[2021/07/30 09:07:35 477] isr        1559 6400  2  
[2021/07/30 09:07:35 684] isr        1547 ASR_MSG_AUW,   cloud  
[2021/07/30 09:07:35 684] isr        1559 6400  2  
[2021/07/30 09:07:35 888] isr        1547 ASR_MSG_AUW,   cloud  
[2021/07/30 09:07:35 888] isr        1559 6400  2  
[2021/07/30 09:07:36 095] isr        1547 ASR_MSG_AUW,   cloud  
[2021/07/30 09:07:36 095] isr        1559 6400  2  
[2021/07/30 09:07:36 311] isr        1547 ASR_MSG_AUW,   cloud  
[2021/07/30 09:07:36 311] isr        1559 6400  2  
[2021/07/30 09:07:36 517] isr        1547 ASR_MSG_AUW,   cloud  
[2021/07/30 09:07:36 517] isr        1559 6400  2  
[2021/07/30 09:07:36 720] isr        1547 ASR_MSG_AUW,   cloud  
[2021/07/30 09:07:36 720] isr        1559 6400  2  
[2021/07/30 09:07:36 924] isr        1547 ASR_MSG_AUW,   cloud  
[2021/07/30 09:07:36 924] isr        1559 7420  2  
[2021/07/30 09:07:37 003] isr        662  cloud_rslt_cb status =   0  
[2021/07/30 09:07:37 003] isr        641  process_result call:  cloud  udata(2796dc8) 0  nil  
[2021/07/30 09:07:37 128] isr        1547 ASR_MSG_AUW,   cloud  
[2021/07/30 09:07:37 128] isr        1559 0  4  
[2021/07/30 09:07:37 128] isr        1592 aud end, USER  
[2021/07/30 09:07:37 128] isr        1636 ASR_MSG_GRSLT,   cloud  
[2021/07/30 09:07:37 128] isr        1335 0  udata(2796dc8) 0  
[2021/07/30 09:07:37 130] isr        854  [aud] speech end  
[2021/07/30 09:07:37 131] isr        798  3  msc  
[2021/07/30 09:07:37 217] isr        700  cloud_status_cb, eps:  3  
[2021/07/30 09:07:37 217] isr        798  3  cloud  
[2021/07/30 09:07:37 217] isr        800  already speech end  
[2021/07/30 09:07:37 220] isr        662  cloud_rslt_cb status =   5  
[2021/07/30 09:07:37 220] isr        641  process_result call:  cloud  udata(2797578) 5  nil  
[2021/07/30 09:07:37 220] isr        798  3  msc  
[2021/07/30 09:07:37 220] isr        800  already speech end  
[2021/07/30 09:07:37 285] isr        1636 ASR_MSG_GRSLT,   cloud  
[2021/07/30 09:07:37 285] isr        1335 0  udata(2797578) 5  
[2021/07/30 09:07:37 444] isr        1639 ASR_MSG_SSE,   cloud  
[2021/07/30 09:07:37 444] isr        1356 session_end() [in]  
[2021/07/30 09:07:37 444] isr        1421 cloud_session_end() [in]  
[2021/07/30 09:07:37 444] isr        1488 ns_host=  open.xf-yun.com  
[2021/07/30 09:07:37 444] isr        1498 tick()mod=  63842578  
[2021/07/30 09:07:37 444] isr        1499 tick()=  63842578  
[2021/07/30 09:07:37 446] isr        1501 diff=  4844  
[2021/07/30 09:07:37 446] isr        1514 cloud_session_end() [out]  
[2021/07/30 09:07:37 446] isr        1667 isr unload!  
============================================================
Time  2021/07/30 09:11:20 654 
============================================================
[2021/07/30 09:11:20 654] isr        1659 isr loaded!  
[2021/07/30 09:11:20 654] isr        1642 SYS_MSG_REGCB param0 =   msp_status_cb  param1 =   func(1542c48) 
[2021/07/30 09:11:20 654] isr        1537 ASR_MSG_SSB  
[2021/07/30 09:11:20 654] isr        1066 session_begin() [in], params:   trssrc=its,addcap = translate,orilang = en,translang = cn,sch=1,sub=iat,domain = iat, language = zh_cn, accent = mandarin,aue = speex-wb;7, sample_rate = 16000  nil  
[2021/07/30 09:11:20 654] isr        927  vad_set [in]  
[2021/07/30 09:11:20 654] isr        962  vad_enable :  true  
[2021/07/30 09:11:20 654] isr        980  vad_bos :  10000  
[2021/07/30 09:11:20 655] isr        981  vad_eos :  2000  
[2021/07/30 09:11:20 655] isr        886  enable_vad [in]  
[2021/07/30 09:11:20 655] isr        918  vad enabled!  2000  10000  
[2021/07/30 09:11:20 655] isr        921  enable_vad [out]  
[2021/07/30 09:11:20 655] isr        987  vad_set [out] | ret =  0  
[2021/07/30 09:11:20 655] isr        1187 cur_engine_type =   cloud  
[2021/07/30 09:11:20 655] isr        1001 cloud_session_begin  
[2021/07/30 09:11:20 655] isr        1013 unknown  
[2021/07/30 09:11:20 657] isr        1547 ASR_MSG_AUW,   cloud  
[2021/07/30 09:11:20 658] isr        1559 6400  1  
[2021/07/30 09:11:20 658] isr        1569 once_bytes:   6400  
[2021/07/30 09:11:20 661] isr        851  [aud] speech start  
[2021/07/30 09:11:20 661] isr        798  1  msc  
[2021/07/30 09:11:20 861] isr        1547 ASR_MSG_AUW,   cloud  
[2021/07/30 09:11:20 861] isr        1559 6400  2  
[2021/07/30 09:11:20 953] isr        700  cloud_status_cb, eps:  1  
[2021/07/30 09:11:20 953] isr        798  1  cloud  
[2021/07/30 09:11:20 953] isr        813  cloud eps ignored  
[2021/07/30 09:11:21 062] isr        1547 ASR_MSG_AUW,   cloud  
[2021/07/30 09:11:21 062] isr        1559 6400  2  
[2021/07/30 09:11:21 267] isr        1547 ASR_MSG_AUW,   cloud  
[2021/07/30 09:11:21 267] isr        1559 6400  2  
[2021/07/30 09:11:21 473] isr        1547 ASR_MSG_AUW,   cloud  
[2021/07/30 09:11:21 473] isr        1559 6400  2  
[2021/07/30 09:11:21 680] isr        1547 ASR_MSG_AUW,   cloud  
[2021/07/30 09:11:21 680] isr        1559 6400  2  
[2021/07/30 09:11:21 881] isr        1547 ASR_MSG_AUW,   cloud  
[2021/07/30 09:11:21 881] isr        1559 6400  2  
[2021/07/30 09:11:22 088] isr        1547 ASR_MSG_AUW,   cloud  
[2021/07/30 09:11:22 088] isr        1559 6400  2  
[2021/07/30 09:11:22 290] isr        1547 ASR_MSG_AUW,   cloud  
[2021/07/30 09:11:22 290] isr        1559 6400  2  
[2021/07/30 09:11:22 499] isr        1547 ASR_MSG_AUW,   cloud  
[2021/07/30 09:11:22 499] isr        1559 6400  2  
[2021/07/30 09:11:22 700] isr        1547 ASR_MSG_AUW,   cloud  
[2021/07/30 09:11:22 700] isr        1559 6400  2  
[2021/07/30 09:11:22 907] isr        1547 ASR_MSG_AUW,   cloud  
[2021/07/30 09:11:22 907] isr        1559 6400  2  
[2021/07/30 09:11:23 111] isr        1547 ASR_MSG_AUW,   cloud  
[2021/07/30 09:11:23 111] isr        1559 6400  2  
[2021/07/30 09:11:23 319] isr        1547 ASR_MSG_AUW,   cloud  
[2021/07/30 09:11:23 319] isr        1559 6400  2  
[2021/07/30 09:11:23 522] isr        1547 ASR_MSG_AUW,   cloud  
[2021/07/30 09:11:23 522] isr        1559 6400  2  
[2021/07/30 09:11:23 727] isr        1547 ASR_MSG_AUW,   cloud  
[2021/07/30 09:11:23 727] isr        1559 6400  2  
[2021/07/30 09:11:23 930] isr        1547 ASR_MSG_AUW,   cloud  
[2021/07/30 09:11:23 930] isr        1559 6400  2  
[2021/07/30 09:11:24 135] isr        1547 ASR_MSG_AUW,   cloud  
[2021/07/30 09:11:24 135] isr        1559 10222  2  
[2021/07/30 09:11:24 338] isr        1547 ASR_MSG_AUW,   cloud  
[2021/07/30 09:11:24 338] isr        1559 0  4  
[2021/07/30 09:11:24 338] isr        1592 aud end, USER  
[2021/07/30 09:11:24 338] isr        1636 ASR_MSG_GRSLT,   cloud  
[2021/07/30 09:11:24 338] isr        1335 0  nil  2  
[2021/07/30 09:11:24 341] isr        854  [aud] speech end  
[2021/07/30 09:11:24 341] isr        798  3  msc  
[2021/07/30 09:11:24 451] isr        691  cloud_err_cb errorcode =   14002  detail =   MSS:bad response:14002  
[2021/07/30 09:11:24 451] isr        399  error occurred:   cloud  14002  
[2021/07/30 09:11:24 494] isr        1636 ASR_MSG_GRSLT,   cloud  
[2021/07/30 09:11:24 494] isr        1335 14002  nil  2  
[2021/07/30 09:11:24 496] isr        1639 ASR_MSG_SSE,   cloud  
[2021/07/30 09:11:24 496] isr        1356 session_end() [in]  
[2021/07/30 09:11:24 496] isr        1421 cloud_session_end() [in]  
[2021/07/30 09:11:24 496] isr        1488 ns_host=  open.xf-yun.com  
[2021/07/30 09:11:24 496] isr        1498 tick()mod=  64069640  
[2021/07/30 09:11:24 496] isr        1499 tick()=  64069640  
[2021/07/30 09:11:24 496] isr        1501 diff=  3625  
[2021/07/30 09:11:24 497] isr        1514 cloud_session_end() [out]  
[2021/07/30 09:11:24 497] isr        1667 isr unload!  
